Using pre-set license
Built from '2020.3/staging' branch; Version is '2020.3.26f1 (7298b473bc1a) revision 7510196'; Using compiler version '192528614'; Build Type 'Release'
OS: 'Windows 10  (10.0.19044) 64bit Professional' Language: 'en' Physical Memory: 16309 MB
BatchMode: 1, IsHumanControllingUs: 0, StartBugReporterOnCrash: 0, Is64bit: 1, IsPro: 0

COMMAND LINE ARGUMENTS:
C:\Program Files\Unity\Hub\Editor\2020.3.26f1\Editor\Unity.exe
-adb2
-batchMode
-noUpm
-name
AssetImportWorker1
-projectPath
D:/Git/CMSC425Final/Final Project
-logFile
Logs/AssetImportWorker1.log
-srvPort
59578
Successfully changed project path to: D:/Git/CMSC425Final/Final Project
D:/Git/CMSC425Final/Final Project
Using Asset Import Pipeline V2.
Refreshing native plugins compatible for Editor in 74.04 ms, found 3 plugins.
Preloading 0 native plugins for Editor in 0.00 ms.
Initialize engine version: 2020.3.26f1 (7298b473bc1a)
[Subsystems] Discovering subsystems at path C:/Program Files/Unity/Hub/Editor/2020.3.26f1/Editor/Data/Resources/UnitySubsystems
[Subsystems] Discovering subsystems at path D:/Git/CMSC425Final/Final Project/Assets
GfxDevice: creating device client; threaded=0
Direct3D:
    Version:  Direct3D 11.0 [level 11.1]
    Renderer: NVIDIA GeForce RTX 2070 SUPER (ID=0x1e84)
    Vendor:   
    VRAM:     8012 MB
    Driver:   30.0.15.1179
Initialize mono
Mono path[0] = 'C:/Program Files/Unity/Hub/Editor/2020.3.26f1/Editor/Data/Managed'
Mono path[1] = 'C:/Program Files/Unity/Hub/Editor/2020.3.26f1/Editor/Data/MonoBleedingEdge/lib/mono/unityjit'
Mono config path = 'C:/Program Files/Unity/Hub/Editor/2020.3.26f1/Editor/Data/MonoBleedingEdge/etc'
Using monoOptions --debugger-agent=transport=dt_socket,embedding=1,server=y,suspend=n,address=127.0.0.1:56432
Begin MonoManager ReloadAssembly
Registering precompiled unity dll's ...
Register platform support module: C:/Program Files/Unity/Hub/Editor/2020.3.26f1/Editor/Data/PlaybackEngines/WindowsStandaloneSupport/UnityEditor.WindowsStandalone.Extensions.dll
Registered in 0.001703 seconds.
Native extension for WindowsStandalone target not found
Refreshing native plugins compatible for Editor in 72.50 ms, found 3 plugins.
Preloading 0 native plugins for Editor in 0.00 ms.
Mono: successfully reloaded assembly
- Completed reload, in  0.543 seconds
Domain Reload Profiling:
	ReloadAssembly (543ms)
		BeginReloadAssembly (45ms)
			ExecutionOrderSort (0ms)
			DisableScriptedObjects (0ms)
			BackupInstance (0ms)
			ReleaseScriptingObjects (0ms)
			CreateAndSetChildDomain (1ms)
		EndReloadAssembly (430ms)
			LoadAssemblies (43ms)
			RebuildTransferFunctionScriptingTraits (0ms)
			SetupTypeCache (131ms)
			ReleaseScriptCaches (0ms)
			RebuildScriptCaches (29ms)
			SetupLoadedEditorAssemblies (184ms)
				LogAssemblyErrors (0ms)
				InitializePlatformSupportModulesInManaged (4ms)
				SetLoadedEditorAssemblies (0ms)
				RefreshPlugins (73ms)
				BeforeProcessingInitializeOnLoad (11ms)
				ProcessInitializeOnLoadAttributes (71ms)
				ProcessInitializeOnLoadMethodAttributes (24ms)
				AfterProcessingInitializeOnLoad (0ms)
				EditorAssembliesLoaded (0ms)
			ExecutionOrderSort2 (0ms)
			AwakeInstancesAfterBackupRestoration (0ms)
Platform modules already initialized, skipping
Registering precompiled user dll's ...
Registered in 0.003063 seconds.
Begin MonoManager ReloadAssembly
Native extension for WindowsStandalone target not found
Refreshing native plugins compatible for Editor in 0.88 ms, found 3 plugins.
Preloading 0 native plugins for Editor in 0.00 ms.
Mono: successfully reloaded assembly
- Completed reload, in  1.418 seconds
Domain Reload Profiling:
	ReloadAssembly (1419ms)
		BeginReloadAssembly (125ms)
			ExecutionOrderSort (0ms)
			DisableScriptedObjects (5ms)
			BackupInstance (0ms)
			ReleaseScriptingObjects (0ms)
			CreateAndSetChildDomain (16ms)
		EndReloadAssembly (1239ms)
			LoadAssemblies (74ms)
			RebuildTransferFunctionScriptingTraits (0ms)
			SetupTypeCache (265ms)
			ReleaseScriptCaches (0ms)
			RebuildScriptCaches (42ms)
			SetupLoadedEditorAssemblies (779ms)
				LogAssemblyErrors (0ms)
				InitializePlatformSupportModulesInManaged (4ms)
				SetLoadedEditorAssemblies (0ms)
				RefreshPlugins (1ms)
				BeforeProcessingInitializeOnLoad (89ms)
				ProcessInitializeOnLoadAttributes (672ms)
				ProcessInitializeOnLoadMethodAttributes (7ms)
				AfterProcessingInitializeOnLoad (5ms)
				EditorAssembliesLoaded (0ms)
			ExecutionOrderSort2 (0ms)
			AwakeInstancesAfterBackupRestoration (5ms)
Platform modules already initialized, skipping
========================================================================
Worker process is ready to serve import requests
Launched and connected shader compiler UnityShaderCompiler.exe after 0.05 seconds
Refreshing native plugins compatible for Editor in 0.90 ms, found 3 plugins.
Preloading 0 native plugins for Editor in 0.00 ms.
Unloading 2516 Unused Serialized files (Serialized files now loaded: 0)
System memory in use before: 130.8 MB.
System memory in use after: 131.0 MB.

Unloading 23 unused Assets to reduce memory usage. Loaded Objects now: 2970.
Total: 3.095100 ms (FindLiveObjects: 0.240600 ms CreateObjectMapping: 0.065800 ms MarkObjects: 2.652700 ms  DeleteObjects: 0.134800 ms)

AssetImportParameters requested are different than current active one (requested -> active):
  custom:framework-win-MediaFoundation: 216162199b28c13a410421893ffa2e32 -> 
  custom:video-decoder-ogg-theora: a1e56fd34408186e4bbccfd4996cb3dc -> 
  custom:container-muxer-webm: aa71ff27fc2769a1b78a27578f13a17b -> 
  custom:container-demuxer-webm: 4f35f7cbe854078d1ac9338744f61a02 -> 
  custom:container-demuxer-ogg: 62fdf1f143b41e24485cea50d1cbac27 -> 
  custom:video-encoder-webm-vp8: eb34c28f22e8b96e1ab97ce403110664 -> 
  custom:video-decoder-webm-vp8: 9c59270c3fd7afecdb556c50c9e8de78 -> 
  custom:audio-decoder-ogg-vorbis: bf7c407c2cedff20999df2af8eb42d56 -> 
  custom:audio-encoder-webm-vorbis: bf7c407c2cedff20999df2af8eb42d56 -> 
========================================================================
Received Import Request.
  path: Assets/Imported Assets/nature/Models/OBJ format/ground_riverSplit.obj
  artifactKey: Guid(ff76f67e2683c874e80998650542f8a4) Importer(815301076,1909f56bfc062723c751e8b465ee728b)
Start importing Assets/Imported Assets/nature/Models/OBJ format/ground_riverSplit.obj using Guid(ff76f67e2683c874e80998650542f8a4) Importer(815301076,1909f56bfc062723c751e8b465ee728b)  -> (artifact id: 'fe62365c1d2de3bca94881e6f5452173') in 0.316694 seconds 
  Import took 0.320931 seconds .

========================================================================
Received Import Request.
  Time since last request: 0.000165 seconds.
  path: Assets/Imported Assets/nature/Models/OBJ format/ground_riverEndClosed.obj
  artifactKey: Guid(cfea7c90906d6c74081e8cb2543fdae6) Importer(815301076,1909f56bfc062723c751e8b465ee728b)
Start importing Assets/Imported Assets/nature/Models/OBJ format/ground_riverEndClosed.obj using Guid(cfea7c90906d6c74081e8cb2543fdae6) Importer(815301076,1909f56bfc062723c751e8b465ee728b)  -> (artifact id: '014c896aeefa098aaadf37f3a088e21d') in 0.080394 seconds 
  Import took 0.084066 seconds .

========================================================================
Received Import Request.
  Time since last request: 0.000179 seconds.
  path: Assets/Imported Assets/nature/Models/OBJ format/ground_riverOpen.obj
  artifactKey: Guid(f54d002916d9e9a43960248e25ea09cd) Importer(815301076,1909f56bfc062723c751e8b465ee728b)
Start importing Assets/Imported Assets/nature/Models/OBJ format/ground_riverOpen.obj using Guid(f54d002916d9e9a43960248e25ea09cd) Importer(815301076,1909f56bfc062723c751e8b465ee728b)  -> (artifact id: '3e9f5a8b30abe5ee3e5ab9970f2510a9') in 0.118923 seconds 
  Import took 0.122414 seconds .

========================================================================
Received Import Request.
  Time since last request: 0.000197 seconds.
  path: Assets/Imported Assets/nature/Models/OBJ format/log_large.obj
  artifactKey: Guid(8c9c40b58b4d7394f99c204137d9c8b9) Importer(815301076,1909f56bfc062723c751e8b465ee728b)
Start importing Assets/Imported Assets/nature/Models/OBJ format/log_large.obj using Guid(8c9c40b58b4d7394f99c204137d9c8b9) Importer(815301076,1909f56bfc062723c751e8b465ee728b)  -> (artifact id: '220a029ee8ba997154a33fc4526b6a1a') in 0.080313 seconds 
  Import took 0.084194 seconds .

========================================================================
Received Import Request.
  Time since last request: 0.000168 seconds.
  path: Assets/Imported Assets/nature/Models/OBJ format/ground_pathEndClosed.obj
  artifactKey: Guid(132f56e16e46beb478708d15f8b05d79) Importer(815301076,1909f56bfc062723c751e8b465ee728b)
Start importing Assets/Imported Assets/nature/Models/OBJ format/ground_pathEndClosed.obj using Guid(132f56e16e46beb478708d15f8b05d79) Importer(815301076,1909f56bfc062723c751e8b465ee728b)  -> (artifact id: '9e260ea953b2cde41c64b01ad2f73726') in 0.097340 seconds 
  Import took 0.100608 seconds .

========================================================================
Received Import Request.
  Time since last request: 0.000188 seconds.
  path: Assets/Imported Assets/nature/Models/OBJ format/hanging_moss.obj
  artifactKey: Guid(48f1babd9c33040428ff996f5e37f429) Importer(815301076,1909f56bfc062723c751e8b465ee728b)
Start importing Assets/Imported Assets/nature/Models/OBJ format/hanging_moss.obj using Guid(48f1babd9c33040428ff996f5e37f429) Importer(815301076,1909f56bfc062723c751e8b465ee728b)  -> (artifact id: '2016f27a8c7d15e8f1b2308172526f36') in 0.053230 seconds 
  Import took 0.056812 seconds .

========================================================================
Received Import Request.
  Time since last request: 0.000186 seconds.
  path: Assets/Imported Assets/nature/Models/OBJ format/ground_riverCross.obj
  artifactKey: Guid(2f33d1df057aadd4490dc72b61aee74f) Importer(815301076,1909f56bfc062723c751e8b465ee728b)
Start importing Assets/Imported Assets/nature/Models/OBJ format/ground_riverCross.obj using Guid(2f33d1df057aadd4490dc72b61aee74f) Importer(815301076,1909f56bfc062723c751e8b465ee728b)  -> (artifact id: '39ae8a730dae08d21f4ca5a94f93be94') in 0.061754 seconds 
  Import took 0.065380 seconds .

========================================================================
Received Import Request.
  Time since last request: 0.000187 seconds.
  path: Assets/Imported Assets/nature/Models/OBJ format/ground_riverEnd.obj
  artifactKey: Guid(bb9589af673c83a47acd9fd9af3f1d5f) Importer(815301076,1909f56bfc062723c751e8b465ee728b)
Start importing Assets/Imported Assets/nature/Models/OBJ format/ground_riverEnd.obj using Guid(bb9589af673c83a47acd9fd9af3f1d5f) Importer(815301076,1909f56bfc062723c751e8b465ee728b)  -> (artifact id: 'caf1d7523d8b3695b6b5e98f0ec7e3d3') in 0.071984 seconds 
  Import took 0.075667 seconds .

========================================================================
Received Import Request.
  Time since last request: 0.000191 seconds.
  path: Assets/Imported Assets/nature/Models/OBJ format/ground_pathSide.obj
  artifactKey: Guid(4242ec3fd7382de409fc1cadaa1cef2d) Importer(815301076,1909f56bfc062723c751e8b465ee728b)
Start importing Assets/Imported Assets/nature/Models/OBJ format/ground_pathSide.obj using Guid(4242ec3fd7382de409fc1cadaa1cef2d) Importer(815301076,1909f56bfc062723c751e8b465ee728b)  -> (artifact id: '78ca690316908b6792b7a92c4de26817') in 0.070059 seconds 
  Import took 0.074060 seconds .

========================================================================
Received Import Request.
  Time since last request: 0.000166 seconds.
  path: Assets/Imported Assets/nature/Models/OBJ format/lily_small.obj
  artifactKey: Guid(2e8bae7dad14c794596ed175e1465730) Importer(815301076,1909f56bfc062723c751e8b465ee728b)
Start importing Assets/Imported Assets/nature/Models/OBJ format/lily_small.obj using Guid(2e8bae7dad14c794596ed175e1465730) Importer(815301076,1909f56bfc062723c751e8b465ee728b)  -> (artifact id: '9d46ea2dfa5aed11902b489194b1c68f') in 0.079759 seconds 
  Import took 0.083193 seconds .

========================================================================
Received Import Request.
  Time since last request: 0.000170 seconds.
  path: Assets/Imported Assets/nature/Models/OBJ format/ground_pathSideOpen.obj
  artifactKey: Guid(4d9fce35bf0e3e9479aabac1b5a6737b) Importer(815301076,1909f56bfc062723c751e8b465ee728b)
Start importing Assets/Imported Assets/nature/Models/OBJ format/ground_pathSideOpen.obj using Guid(4d9fce35bf0e3e9479aabac1b5a6737b) Importer(815301076,1909f56bfc062723c751e8b465ee728b)  -> (artifact id: '1f3cf6795f968e8dba271a1af68a5a0f') in 0.056377 seconds 
  Import took 0.059731 seconds .

========================================================================
Received Import Request.
  Time since last request: 0.000156 seconds.
  path: Assets/Imported Assets/nature/Models/OBJ format/ground_riverSideOpen.obj
  artifactKey: Guid(21d1d63d8bf6df545b165340fe4c05f0) Importer(815301076,1909f56bfc062723c751e8b465ee728b)
Start importing Assets/Imported Assets/nature/Models/OBJ format/ground_riverSideOpen.obj using Guid(21d1d63d8bf6df545b165340fe4c05f0) Importer(815301076,1909f56bfc062723c751e8b465ee728b)  -> (artifact id: '7e9296b5e27d392238057e716151c3ae') in 0.078302 seconds 
  Import took 0.081617 seconds .

========================================================================
Received Import Request.
  Time since last request: 0.000160 seconds.
  path: Assets/Imported Assets/nature/Models/OBJ format/ground_riverSide.obj
  artifactKey: Guid(0b458920d203d6b488360a691537d898) Importer(815301076,1909f56bfc062723c751e8b465ee728b)
Start importing Assets/Imported Assets/nature/Models/OBJ format/ground_riverSide.obj using Guid(0b458920d203d6b488360a691537d898) Importer(815301076,1909f56bfc062723c751e8b465ee728b)  -> (artifact id: '754e686066ae602f056f42c00b515705') in 0.064243 seconds 
  Import took 0.067548 seconds .

========================================================================
Received Import Request.
  Time since last request: 0.000165 seconds.
  path: Assets/Imported Assets/nature/Models/OBJ format/ground_pathRocks.obj
  artifactKey: Guid(a507456b3ff801243ab617fb64dfe44b) Importer(815301076,1909f56bfc062723c751e8b465ee728b)
Start importing Assets/Imported Assets/nature/Models/OBJ format/ground_pathRocks.obj using Guid(a507456b3ff801243ab617fb64dfe44b) Importer(815301076,1909f56bfc062723c751e8b465ee728b)  -> (artifact id: 'c7939749160246689f9b4c444ae07920') in 0.069111 seconds 
  Import took 0.072313 seconds .

========================================================================
Received Import Request.
  Time since last request: 0.000142 seconds.
  path: Assets/Imported Assets/nature/Models/OBJ format/ground_riverBend.obj
  artifactKey: Guid(6ac3436f8d1413b4b9578254e013a509) Importer(815301076,1909f56bfc062723c751e8b465ee728b)
Start importing Assets/Imported Assets/nature/Models/OBJ format/ground_riverBend.obj using Guid(6ac3436f8d1413b4b9578254e013a509) Importer(815301076,1909f56bfc062723c751e8b465ee728b)  -> (artifact id: '6105f3b1f55befe8bdeb26c9143a6f0d') in 0.057421 seconds 
  Import took 0.060633 seconds .

========================================================================
Received Import Request.
  Time since last request: 0.000173 seconds.
  path: Assets/Imported Assets/nature/Models/OBJ format/lily_large.obj
  artifactKey: Guid(225ea8f17d3cf1e44ae2a3506949c6f9) Importer(815301076,1909f56bfc062723c751e8b465ee728b)
Start importing Assets/Imported Assets/nature/Models/OBJ format/lily_large.obj using Guid(225ea8f17d3cf1e44ae2a3506949c6f9) Importer(815301076,1909f56bfc062723c751e8b465ee728b)  -> (artifact id: '0f541be9c58734cef01527874725a568') in 0.071552 seconds 
  Import took 0.074835 seconds .

========================================================================
Received Import Request.
  Time since last request: 0.000155 seconds.
  path: Assets/Imported Assets/nature/Models/OBJ format/ground_riverTile.obj
  artifactKey: Guid(4fa899ab7b447254cb742bac11c0453e) Importer(815301076,1909f56bfc062723c751e8b465ee728b)
Start importing Assets/Imported Assets/nature/Models/OBJ format/ground_riverTile.obj using Guid(4fa899ab7b447254cb742bac11c0453e) Importer(815301076,1909f56bfc062723c751e8b465ee728b)  -> (artifact id: '1a25bd378abc4c1dea090a5774036eaf') in 0.059391 seconds 
  Import took 0.062761 seconds .

========================================================================
Received Import Request.
  Time since last request: 0.000152 seconds.
  path: Assets/Imported Assets/nature/Models/OBJ format/ground_riverRocks.obj
  artifactKey: Guid(9437d695f0428cc4d9648da969217892) Importer(815301076,1909f56bfc062723c751e8b465ee728b)
Start importing Assets/Imported Assets/nature/Models/OBJ format/ground_riverRocks.obj using Guid(9437d695f0428cc4d9648da969217892) Importer(815301076,1909f56bfc062723c751e8b465ee728b)  -> (artifact id: '5fe3c706985d07b86cc7cad92a50e525') in 0.101464 seconds 
  Import took 0.104755 seconds .

========================================================================
Received Import Request.
  Time since last request: 0.000156 seconds.
  path: Assets/Imported Assets/nature/Models/OBJ format/ground_pathOpen.obj
  artifactKey: Guid(c3b45f1db6dc1f04184e8d6f403ccdfd) Importer(815301076,1909f56bfc062723c751e8b465ee728b)
Start importing Assets/Imported Assets/nature/Models/OBJ format/ground_pathOpen.obj using Guid(c3b45f1db6dc1f04184e8d6f403ccdfd) Importer(815301076,1909f56bfc062723c751e8b465ee728b)  -> (artifact id: 'aef216e2dea3e0f94d94c3f8c40ac0f4') in 0.061477 seconds 
  Import took 0.064558 seconds .

========================================================================
Received Import Request.
  Time since last request: 0.000159 seconds.
  path: Assets/Imported Assets/nature/Models/OBJ format/log.obj
  artifactKey: Guid(ca38e9f8900ccc748addc58ac3865da6) Importer(815301076,1909f56bfc062723c751e8b465ee728b)
Start importing Assets/Imported Assets/nature/Models/OBJ format/log.obj using Guid(ca38e9f8900ccc748addc58ac3865da6) Importer(815301076,1909f56bfc062723c751e8b465ee728b)  -> (artifact id: '7a9b5b077e9dad2701a99263fc3c228d') in 0.083750 seconds 
  Import took 0.087228 seconds .

========================================================================
Received Import Request.
  Time since last request: 0.000160 seconds.
  path: Assets/Imported Assets/nature/Models/OBJ format/ground_riverBendBank.obj
  artifactKey: Guid(15da9ee4b0c361e4fac5d346de93b79b) Importer(815301076,1909f56bfc062723c751e8b465ee728b)
Start importing Assets/Imported Assets/nature/Models/OBJ format/ground_riverBendBank.obj using Guid(15da9ee4b0c361e4fac5d346de93b79b) Importer(815301076,1909f56bfc062723c751e8b465ee728b)  -> (artifact id: 'ee4dc9a4e7f76f0b7414a87cbb827533') in 0.081147 seconds 
  Import took 0.084725 seconds .

========================================================================
Received Prepare
Registering precompiled user dll's ...
Registered in 0.002807 seconds.
Begin MonoManager ReloadAssembly
Native extension for WindowsStandalone target not found
Refreshing native plugins compatible for Editor in 0.86 ms, found 3 plugins.
Preloading 0 native plugins for Editor in 0.00 ms.
Mono: successfully reloaded assembly
- Completed reload, in  0.939 seconds
Domain Reload Profiling:
	ReloadAssembly (940ms)
		BeginReloadAssembly (97ms)
			ExecutionOrderSort (0ms)
			DisableScriptedObjects (4ms)
			BackupInstance (0ms)
			ReleaseScriptingObjects (0ms)
			CreateAndSetChildDomain (32ms)
		EndReloadAssembly (788ms)
			LoadAssemblies (69ms)
			RebuildTransferFunctionScriptingTraits (0ms)
			SetupTypeCache (247ms)
			ReleaseScriptCaches (1ms)
			RebuildScriptCaches (35ms)
			SetupLoadedEditorAssemblies (360ms)
				LogAssemblyErrors (0ms)
				InitializePlatformSupportModulesInManaged (4ms)
				SetLoadedEditorAssemblies (0ms)
				RefreshPlugins (1ms)
				BeforeProcessingInitializeOnLoad (77ms)
				ProcessInitializeOnLoadAttributes (267ms)
				ProcessInitializeOnLoadMethodAttributes (6ms)
				AfterProcessingInitializeOnLoad (5ms)
				EditorAssembliesLoaded (0ms)
			ExecutionOrderSort2 (0ms)
			AwakeInstancesAfterBackupRestoration (5ms)
Platform modules already initialized, skipping
Refreshing native plugins compatible for Editor in 0.84 ms, found 3 plugins.
Preloading 0 native plugins for Editor in 0.00 ms.
Unloading 2466 Unused Serialized files (Serialized files now loaded: 0)
System memory in use before: 129.8 MB.
System memory in use after: 130.0 MB.

Unloading 18 unused Assets to reduce memory usage. Loaded Objects now: 3015.
Total: 3.076100 ms (FindLiveObjects: 0.220000 ms CreateObjectMapping: 0.061600 ms MarkObjects: 2.778500 ms  DeleteObjects: 0.015100 ms)

AssetImportParameters requested are different than current active one (requested -> active):
  custom:framework-win-MediaFoundation: 216162199b28c13a410421893ffa2e32 -> 
  custom:video-decoder-ogg-theora: a1e56fd34408186e4bbccfd4996cb3dc -> 
  custom:container-muxer-webm: aa71ff27fc2769a1b78a27578f13a17b -> 
  custom:container-demuxer-webm: 4f35f7cbe854078d1ac9338744f61a02 -> 
  custom:container-demuxer-ogg: 62fdf1f143b41e24485cea50d1cbac27 -> 
  custom:video-encoder-webm-vp8: eb34c28f22e8b96e1ab97ce403110664 -> 
  custom:video-decoder-webm-vp8: 9c59270c3fd7afecdb556c50c9e8de78 -> 
  custom:audio-decoder-ogg-vorbis: bf7c407c2cedff20999df2af8eb42d56 -> 
  custom:audio-encoder-webm-vorbis: bf7c407c2cedff20999df2af8eb42d56 -> 
